{"level":"INFO","message":"[12:00:43.741 PM]: Trying to initialize Easy Logging"}
{"level":"INFO","message":"[12:00:43.750 PM]: No client config file found in default directories"}
{"level":"INFO","message":"[12:00:43.750 PM]: Easy Logging is disabled as no config has been found"}
{"level":"INFO","message":"[12:59:28.138 PM]: Trying to initialize Easy Logging"}
{"level":"INFO","message":"[12:59:28.151 PM]: No client config file found in default directories"}
{"level":"INFO","message":"[12:59:28.151 PM]: Easy Logging is disabled as no config has been found"}
{"level":"INFO","message":"[1:02:07.055 PM]: Trying to initialize Easy Logging"}
{"level":"INFO","message":"[1:02:07.071 PM]: No client config file found in default directories"}
{"level":"INFO","message":"[1:02:07.072 PM]: Easy Logging is disabled as no config has been found"}
{"level":"INFO","message":"[1:02:39.319 PM]: Trying to initialize Easy Logging"}
{"level":"INFO","message":"[1:02:39.328 PM]: No client config file found in default directories"}
{"level":"INFO","message":"[1:02:39.329 PM]: Easy Logging is disabled as no config has been found"}
{"level":"INFO","message":"[1:03:36.900 PM]: Trying to initialize Easy Logging"}
{"level":"INFO","message":"[1:03:36.910 PM]: No client config file found in default directories"}
{"level":"INFO","message":"[1:03:36.910 PM]: Easy Logging is disabled as no config has been found"}
{"level":"INFO","message":"[1:11:30.645 PM]: Trying to initialize Easy Logging"}
{"level":"INFO","message":"[1:11:30.655 PM]: No client config file found in default directories"}
{"level":"INFO","message":"[1:11:30.655 PM]: Easy Logging is disabled as no config has been found"}
{"level":"INFO","message":"[1:15:16.968 PM]: Trying to initialize Easy Logging"}
{"level":"INFO","message":"[1:15:16.979 PM]: No client config file found in default directories"}
{"level":"INFO","message":"[1:15:16.979 PM]: Easy Logging is disabled as no config has been found"}
{"level":"INFO","message":"[1:18:12.364 PM]: Trying to initialize Easy Logging"}
{"level":"INFO","message":"[1:18:12.373 PM]: No client config file found in default directories"}
{"level":"INFO","message":"[1:18:12.373 PM]: Easy Logging is disabled as no config has been found"}
{"level":"INFO","message":"[1:20:11.418 PM]: Trying to initialize Easy Logging"}
{"level":"INFO","message":"[1:20:11.428 PM]: No client config file found in default directories"}
{"level":"INFO","message":"[1:20:11.429 PM]: Easy Logging is disabled as no config has been found"}
{"level":"INFO","message":"[1:21:36.516 PM]: Trying to initialize Easy Logging"}
{"level":"INFO","message":"[1:21:36.527 PM]: No client config file found in default directories"}
{"level":"INFO","message":"[1:21:36.528 PM]: Easy Logging is disabled as no config has been found"}
{"level":"INFO","message":"[1:23:33.460 PM]: Trying to initialize Easy Logging"}
{"level":"INFO","message":"[1:23:33.470 PM]: No client config file found in default directories"}
{"level":"INFO","message":"[1:23:33.470 PM]: Easy Logging is disabled as no config has been found"}
{"level":"INFO","message":"[1:24:27.297 PM]: Trying to initialize Easy Logging"}
{"level":"INFO","message":"[1:24:27.309 PM]: No client config file found in default directories"}
{"level":"INFO","message":"[1:24:27.309 PM]: Easy Logging is disabled as no config has been found"}
{"level":"INFO","message":"[1:27:06.109 PM]: Trying to initialize Easy Logging"}
{"level":"INFO","message":"[1:27:06.121 PM]: No client config file found in default directories"}
{"level":"INFO","message":"[1:27:06.121 PM]: Easy Logging is disabled as no config has been found"}
{"level":"INFO","message":"[1:32:26.442 PM]: Trying to initialize Easy Logging"}
{"level":"INFO","message":"[1:32:26.453 PM]: No client config file found in default directories"}
{"level":"INFO","message":"[1:32:26.453 PM]: Easy Logging is disabled as no config has been found"}
{"level":"INFO","message":"[2:18:18.231 PM]: Trying to initialize Easy Logging"}
{"level":"INFO","message":"[2:18:18.241 PM]: No client config file found in default directories"}
{"level":"INFO","message":"[2:18:18.242 PM]: Easy Logging is disabled as no config has been found"}
{"level":"INFO","message":"[2:45:24.762 PM]: Trying to initialize Easy Logging"}
{"level":"INFO","message":"[2:45:24.773 PM]: No client config file found in default directories"}
{"level":"INFO","message":"[2:45:24.774 PM]: Easy Logging is disabled as no config has been found"}
{"level":"INFO","message":"[6:42:05.985 PM]: Trying to initialize Easy Logging"}
{"level":"INFO","message":"[6:42:05.996 PM]: No client config file found in default directories"}
{"level":"INFO","message":"[6:42:05.996 PM]: Easy Logging is disabled as no config has been found"}
{"level":"INFO","message":"[10:08:45.289 PM]: Trying to initialize Easy Logging"}
{"level":"INFO","message":"[10:08:45.300 PM]: No client config file found in default directories"}
{"level":"INFO","message":"[10:08:45.301 PM]: Easy Logging is disabled as no config has been found"}
{"level":"INFO","message":"[10:30:33.975 PM]: Trying to initialize Easy Logging"}
{"level":"INFO","message":"[10:30:33.985 PM]: No client config file found in default directories"}
{"level":"INFO","message":"[10:30:33.986 PM]: Easy Logging is disabled as no config has been found"}
{"level":"INFO","message":"[10:31:12.333 PM]: Trying to initialize Easy Logging"}
{"level":"INFO","message":"[10:31:12.343 PM]: No client config file found in default directories"}
{"level":"INFO","message":"[10:31:12.343 PM]: Easy Logging is disabled as no config has been found"}
{"level":"INFO","message":"[10:31:55.188 PM]: Trying to initialize Easy Logging"}
{"level":"INFO","message":"[10:31:55.200 PM]: No client config file found in default directories"}
{"level":"INFO","message":"[10:31:55.200 PM]: Easy Logging is disabled as no config has been found"}
{"level":"INFO","message":"[10:32:28.944 PM]: Trying to initialize Easy Logging"}
{"level":"INFO","message":"[10:32:28.954 PM]: No client config file found in default directories"}
{"level":"INFO","message":"[10:32:28.954 PM]: Easy Logging is disabled as no config has been found"}
{"level":"INFO","message":"[10:33:12.319 PM]: Trying to initialize Easy Logging"}
{"level":"INFO","message":"[10:33:12.330 PM]: No client config file found in default directories"}
{"level":"INFO","message":"[10:33:12.330 PM]: Easy Logging is disabled as no config has been found"}
{"level":"INFO","message":"[10:36:06.608 PM]: Trying to initialize Easy Logging"}
{"level":"INFO","message":"[10:36:06.621 PM]: No client config file found in default directories"}
{"level":"INFO","message":"[10:36:06.621 PM]: Easy Logging is disabled as no config has been found"}
{"level":"INFO","message":"[10:56:43.364 PM]: Trying to initialize Easy Logging"}
{"level":"INFO","message":"[10:56:43.376 PM]: No client config file found in default directories"}
{"level":"INFO","message":"[10:56:43.376 PM]: Easy Logging is disabled as no config has been found"}
{"level":"INFO","message":"[11:08:14.289 PM]: Trying to initialize Easy Logging"}
{"level":"INFO","message":"[11:08:14.299 PM]: No client config file found in default directories"}
{"level":"INFO","message":"[11:08:14.300 PM]: Easy Logging is disabled as no config has been found"}
{"level":"INFO","message":"[11:18:39.067 PM]: Trying to initialize Easy Logging"}
{"level":"INFO","message":"[11:18:39.079 PM]: No client config file found in default directories"}
{"level":"INFO","message":"[11:18:39.079 PM]: Easy Logging is disabled as no config has been found"}
{"level":"INFO","message":"[11:42:43.525 PM]: Trying to initialize Easy Logging"}
{"level":"INFO","message":"[11:42:43.537 PM]: No client config file found in default directories"}
{"level":"INFO","message":"[11:42:43.537 PM]: Easy Logging is disabled as no config has been found"}
{"level":"INFO","message":"[9:28:46.806 AM]: Trying to initialize Easy Logging"}
{"level":"INFO","message":"[9:28:46.816 AM]: No client config file found in default directories"}
{"level":"INFO","message":"[9:28:46.816 AM]: Easy Logging is disabled as no config has been found"}
{"level":"INFO","message":"[9:29:48.441 AM]: Trying to initialize Easy Logging"}
{"level":"INFO","message":"[9:29:48.455 AM]: No client config file found in default directories"}
{"level":"INFO","message":"[9:29:48.455 AM]: Easy Logging is disabled as no config has been found"}
{"level":"INFO","message":"[9:32:05.472 AM]: Trying to initialize Easy Logging"}
{"level":"INFO","message":"[9:32:05.486 AM]: No client config file found in default directories"}
{"level":"INFO","message":"[9:32:05.487 AM]: Easy Logging is disabled as no config has been found"}
{"level":"INFO","message":"[9:54:01.111 AM]: Trying to initialize Easy Logging"}
{"level":"INFO","message":"[9:54:01.122 AM]: No client config file found in default directories"}
{"level":"INFO","message":"[9:54:01.122 AM]: Easy Logging is disabled as no config has been found"}
{"level":"INFO","message":"[10:13:51.449 AM]: Trying to initialize Easy Logging"}
{"level":"INFO","message":"[10:13:51.460 AM]: No client config file found in default directories"}
{"level":"INFO","message":"[10:13:51.461 AM]: Easy Logging is disabled as no config has been found"}
{"level":"INFO","message":"[10:15:08.038 AM]: Trying to initialize Easy Logging"}
{"level":"INFO","message":"[10:15:08.050 AM]: No client config file found in default directories"}
{"level":"INFO","message":"[10:15:08.051 AM]: Easy Logging is disabled as no config has been found"}
{"level":"INFO","message":"[10:15:24.100 AM]: Trying to initialize Easy Logging"}
{"level":"INFO","message":"[10:15:24.110 AM]: No client config file found in default directories"}
{"level":"INFO","message":"[10:15:24.110 AM]: Easy Logging is disabled as no config has been found"}
{"level":"INFO","message":"[10:16:24.387 AM]: Trying to initialize Easy Logging"}
{"level":"INFO","message":"[10:16:24.400 AM]: No client config file found in default directories"}
{"level":"INFO","message":"[10:16:24.400 AM]: Easy Logging is disabled as no config has been found"}
{"level":"INFO","message":"[10:17:35.828 AM]: Trying to initialize Easy Logging"}
{"level":"INFO","message":"[10:17:35.843 AM]: No client config file found in default directories"}
{"level":"INFO","message":"[10:17:35.843 AM]: Easy Logging is disabled as no config has been found"}
{"level":"INFO","message":"[10:20:12.486 AM]: Trying to initialize Easy Logging"}
{"level":"INFO","message":"[10:20:12.497 AM]: No client config file found in default directories"}
{"level":"INFO","message":"[10:20:12.497 AM]: Easy Logging is disabled as no config has been found"}
{"level":"INFO","message":"[10:22:38.224 AM]: Trying to initialize Easy Logging"}
{"level":"INFO","message":"[10:22:38.235 AM]: No client config file found in default directories"}
{"level":"INFO","message":"[10:22:38.235 AM]: Easy Logging is disabled as no config has been found"}
{"level":"INFO","message":"[10:23:30.985 AM]: Trying to initialize Easy Logging"}
{"level":"INFO","message":"[10:23:30.996 AM]: No client config file found in default directories"}
{"level":"INFO","message":"[10:23:30.996 AM]: Easy Logging is disabled as no config has been found"}
{"level":"INFO","message":"[10:25:05.742 AM]: Trying to initialize Easy Logging"}
{"level":"INFO","message":"[10:25:05.753 AM]: No client config file found in default directories"}
{"level":"INFO","message":"[10:25:05.753 AM]: Easy Logging is disabled as no config has been found"}
{"level":"INFO","message":"[10:27:01.589 AM]: Trying to initialize Easy Logging"}
{"level":"INFO","message":"[10:27:01.599 AM]: No client config file found in default directories"}
{"level":"INFO","message":"[10:27:01.600 AM]: Easy Logging is disabled as no config has been found"}
{"level":"INFO","message":"[3:02:12.293 PM]: Trying to initialize Easy Logging"}
{"level":"INFO","message":"[3:02:12.305 PM]: No client config file found in default directories"}
{"level":"INFO","message":"[3:02:12.306 PM]: Easy Logging is disabled as no config has been found"}
{"level":"INFO","message":"[3:03:03.231 PM]: Trying to initialize Easy Logging"}
{"level":"INFO","message":"[3:03:03.241 PM]: No client config file found in default directories"}
{"level":"INFO","message":"[3:03:03.242 PM]: Easy Logging is disabled as no config has been found"}
